[    0.000000] Linux version 4.15.0-212-generic (buildd@lcy02-amd64-083) (gcc version 7.5.0 (Ubuntu 7.5.0-3ubuntu1~18.04)) #223-Ubuntu SMP Tue May 23 13:09:22 UTC 2023 (Ubuntu 4.15.0-212.223-generic 4.15.18)
[    0.000000] Command line: BOOT_IMAGE=/boot/vmlinuz-4.15.0-212-generic root=LABEL=cloudimg-rootfs ro console=tty1 console=ttyS0
[    0.000000] KERNEL supported cpus:
[    0.000000]   Intel GenuineIntel
[    0.000000]   AMD AuthenticAMD
[    0.000000]   Centaur CentaurHauls
[    0.000000] x86/fpu: x87 FPU will use FXSAVE
[    0.000000] e820: BIOS-provided physical RAM map:
[    0.000000] BIOS-e820: [mem 0x0000000000000000-0x000000000009fbff] usable
[    0.000000] BIOS-e820: [mem 0x000000000009fc00-0x000000000009ffff] reserved
[    0.000000] BIOS-e820: [mem 0x00000000000f0000-0x00000000000fffff] reserved
[    0.000000] BIOS-e820: [mem 0x0000000000100000-0x000000007ffeffff] usable
[    0.000000] BIOS-e820: [mem 0x000000007fff0000-0x000000007fffffff] ACPI data
[    0.000000] BIOS-e820: [mem 0x00000000fec00000-0x00000000fec00fff] reserved
[    0.000000] BIOS-e820: [mem 0x00000000fee00000-0x00000000fee00fff] reserved
[    0.000000] BIOS-e820: [mem 0x00000000fffc0000-0x00000000ffffffff] reserved
[    0.000000] NX (Execute Disable) protection: active
[    0.000000] SMBIOS 2.5 present.
[    0.000000] DMI: innotek GmbH VirtualBox/VirtualBox, BIOS VirtualBox 12/01/2006
[    0.000000] Hypervisor detected: KVM
[    0.000000] e820: last_pfn = 0x7fff0 max_arch_pfn = 0x400000000
[    0.000000] MTRR: Disabled
[    0.000000] x86/PAT: MTRRs disabled, skipping PAT initialization too.
[    0.000000] CPU MTRRs all blank - virtualized system.
[    0.000000] x86/PAT: Configuration [0-7]: WB  WT  UC- UC  WB  WT  UC- UC  
[    0.000000] found SMP MP-table at [mem 0x0009fff0-0x0009ffff]
[    0.000000] Scanning 1 areas for low memory corruption
[    0.000000] RAMDISK: [mem 0x359cb000-0x36cdcfff]
[    0.000000] ACPI: Early table checksum verification disabled
[    0.000000] ACPI: RSDP 0x00000000000E0000 000024 (v02 VBOX  )
[    0.000000] ACPI: XSDT 0x000000007FFF0030 00003C (v01 VBOX   VBOXXSDT 00000001 ASL  00000061)
[    0.000000] ACPI: FACP 0x000000007FFF00F0 0000F4 (v04 VBOX   VBOXFACP 00000001 ASL  00000061)
[    0.000000] ACPI: DSDT 0x000000007FFF0610 002353 (v02 VBOX   VBOXBIOS 00000002 INTL 20100528)
[    0.000000] ACPI: FACS 0x000000007FFF0200 000040
[    0.000000] ACPI: FACS 0x000000007FFF0200 000040
[    0.000000] ACPI: APIC 0x000000007FFF0240 00005C (v02 VBOX   VBOXAPIC 00000001 ASL  00000061)
[    0.000000] ACPI: SSDT 0x000000007FFF02A0 00036C (v01 VBOX   VBOXCPUT 00000002 INTL 20100528)
[    0.000000] ACPI: Reserving FACP table memory at [mem 0x7fff00f0-0x7fff01e3]
[    0.000000] ACPI: Reserving DSDT table memory at [mem 0x7fff0610-0x7fff2962]
[    0.000000] ACPI: Reserving FACS table memory at [mem 0x7fff0200-0x7fff023f]
[    0.000000] ACPI: Reserving FACS table memory at [mem 0x7fff0200-0x7fff023f]
[    0.000000] ACPI: Reserving APIC table memory at [mem 0x7fff0240-0x7fff029b]
[    0.000000] ACPI: Reserving SSDT table memory at [mem 0x7fff02a0-0x7fff060b]
[    0.000000] No NUMA configuration found
[    0.000000] Faking a node at [mem 0x0000000000000000-0x000000007ffeffff]
[    0.000000] NODE_DATA(0) allocated [mem 0x7ffc5000-0x7ffeffff]
[    0.000000] kvm-clock: cpu 0, msr 0:7ff44001, primary cpu clock
[    0.000000] kvm-clock: Using msrs 4b564d01 and 4b564d00
[    0.000000] kvm-clock: using sched offset of 4015477747 cycles
[    0.000000] clocksource: kvm-clock: mask: 0xffffffffffffffff max_cycles: 0x1cd42e4dffb, max_idle_ns: 881590591483 ns
[    0.000000] Zone ranges:
[    0.000000]   DMA      [mem 0x0000000000001000-0x0000000000ffffff]
[    0.000000]   DMA32    [mem 0x0000000001000000-0x000000007ffeffff]
[    0.000000]   Normal   empty
[    0.000000]   Device   empty
[    0.000000] Movable zone start for each node
[    0.000000] Early memory node ranges
[    0.000000]   node   0: [mem 0x0000000000001000-0x000000000009efff]
[    0.000000]   node   0: [mem 0x0000000000100000-0x000000007ffeffff]
[    0.000000] Reserved but unavailable: 104 pages
[    0.000000] Initmem setup node 0 [mem 0x0000000000001000-0x000000007ffeffff]
[    0.000000] ACPI: PM-Timer IO Port: 0x4008
[    0.000000] IOAPIC[0]: apic_id 2, version 32, address 0xfec00000, GSI 0-23
[    0.000000] ACPI: INT_SRC_OVR (bus 0 bus_irq 0 global_irq 2 dfl dfl)
[    0.000000] ACPI: INT_SRC_OVR (bus 0 bus_irq 9 global_irq 9 low level)
[    0.000000] Using ACPI (MADT) for SMP configuration information
[    0.000000] smpboot: Allowing 2 CPUs, 0 hotplug CPUs
[    0.000000] PM: Registered nosave memory: [mem 0x00000000-0x00000fff]
[    0.000000] PM: Registered nosave memory: [mem 0x0009f000-0x0009ffff]
[    0.000000] PM: Registered nosave memory: [mem 0x000a0000-0x000effff]
[    0.000000] PM: Registered nosave memory: [mem 0x000f0000-0x000fffff]
[    0.000000] e820: [mem 0x80000000-0xfebfffff] available for PCI devices
[    0.000000] Booting paravirtualized kernel on KVM
[    0.000000] clocksource: refined-jiffies: mask: 0xffffffff max_cycles: 0xffffffff, max_idle_ns: 7645519600211568 ns
[    0.000000] setup_percpu: NR_CPUS:8192 nr_cpumask_bits:2 nr_cpu_ids:2 nr_node_ids:1
[    0.000000] percpu: Embedded 50 pages/cpu s167936 r8192 d28672 u1048576
[    0.000000] PV qspinlock hash table entries: 256 (order: 0, 4096 bytes)
[    0.000000] Built 1 zonelists, mobility grouping on.  Total pages: 515961
[    0.000000] Policy zone: DMA32
[    0.000000] Kernel command line: BOOT_IMAGE=/boot/vmlinuz-4.15.0-212-generic root=LABEL=cloudimg-rootfs ro console=tty1 console=ttyS0
[    0.000000] Memory: 2014836K/2096696K available (12300K kernel code, 2477K rwdata, 4324K rodata, 2480K init, 2720K bss, 81860K reserved, 0K cma-reserved)
[    0.000000] SLUB: HWalign=64, Order=0-3, MinObjects=0, CPUs=2, Nodes=1
[    0.000000] ftrace: allocating 39508 entries in 155 pages
[    0.004000] Hierarchical RCU implementation.
[    0.004000] 	RCU restricting CPUs from NR_CPUS=8192 to nr_cpu_ids=2.
[    0.004000] 	Tasks RCU enabled.
[    0.004000] RCU: Adjusting geometry for rcu_fanout_leaf=16, nr_cpu_ids=2
[    0.004000] NR_IRQS: 524544, nr_irqs: 440, preallocated irqs: 16
[    0.004000] random: crng init done
[    0.004000] Console: colour VGA+ 80x25
[    0.004000] console [tty1] enabled
[    0.004000] console [ttyS0] enabled
[    0.004000] ACPI: Core revision 20170831
[    0.004000] ACPI: 2 ACPI AML tables successfully acquired and loaded
[    0.004000] APIC: Switch to symmetric I/O mode setup
[    0.004000] ..TIMER: vector=0x30 apic1=0 pin1=2 apic2=-1 pin2=-1
[    0.004000] tsc: Detected 2495.996 MHz processor
[    0.004007] Calibrating delay loop (skipped) preset value.. 4991.99 BogoMIPS (lpj=9983984)
[    0.008003] pid_max: default: 32768 minimum: 301
[    0.012042] Security Framework initialized
[    0.014206] Yama: becoming mindful.
[    0.016047] AppArmor: AppArmor initialized
[    0.022917] Dentry cache hash table entries: 262144 (order: 9, 2097152 bytes)
[    0.028884] Inode-cache hash table entries: 131072 (order: 8, 1048576 bytes)
[    0.032071] Mount-cache hash table entries: 4096 (order: 3, 32768 bytes)
[    0.036067] Mountpoint-cache hash table entries: 4096 (order: 3, 32768 bytes)
[    0.041295] Last level iTLB entries: 4KB 0, 2MB 0, 4MB 0
[    0.044002] Last level dTLB entries: 4KB 0, 2MB 0, 4MB 0, 1GB 0
[    0.048003] Spectre V1 : Mitigation: usercopy/swapgs barriers and __user pointer sanitization
[    0.052003] Spectre V2 : Mitigation: Enhanced IBRS
[    0.056002] Spectre V2 : Spectre v2 / SpectreRSB mitigation: Filling RSB on context switch
[    0.060001] Spectre V2 : Spectre v2 / PBRSB-eIBRS: Retire a single CALL on VMEXIT
[    0.064002] RETBleed: Mitigation: Enhanced IBRS
[    0.066273] Speculative Store Bypass: Vulnerable
[    0.068037] MMIO Stale Data: Vulnerable: Clear CPU buffers attempted, no microcode
[    0.072118] Freeing SMP alternatives memory: 36K
[    0.191543] smpboot: CPU0: 11th Gen Intel(R) Core(TM) i7-11700F @ 2.50GHz (family: 0x6, model: 0xa7, stepping: 0x1)
[    0.192225] Performance Events: unsupported p6 CPU model 167 no PMU driver, software events only.
[    0.196061] Hierarchical SRCU implementation.
[    0.200158] NMI watchdog: Perf event create on CPU 0 failed with -2
[    0.203209] NMI watchdog: Perf NMI watchdog permanently disabled
[    0.204173] smp: Bringing up secondary CPUs ...
[    0.208442] x86: Booting SMP configuration:
[    0.210630] .... node  #0, CPUs:      #1
[    0.004000] kvm-clock: cpu 1, msr 0:7ff44041, secondary cpu clock
[    0.218924] TSC synchronization [CPU#0 -> CPU#1]:
[    0.220000] Measured 49089 cycles TSC warp between CPUs, turning off TSC clock.
[    0.220000] tsc: Marking TSC unstable due to check_tsc_sync_source failed
[    0.220062] smp: Brought up 1 node, 2 CPUs
[    0.224004] smpboot: Max logical packages: 1
[    0.226099] smpboot: Total of 2 processors activated (9983.98 BogoMIPS)
[    0.228294] devtmpfs: initialized
[    0.232066] x86/mm: Memory block size: 128MB
[    0.234492] evm: security.selinux
[    0.236003] evm: security.SMACK64
[    0.237722] evm: security.SMACK64EXEC
[    0.239529] evm: security.SMACK64TRANSMUTE
[    0.240002] evm: security.SMACK64MMAP
[    0.241953] evm: security.apparmor
[    0.244002] evm: security.ima
[    0.245573] evm: security.capability
[    0.248272] clocksource: jiffies: mask: 0xffffffff max_cycles: 0xffffffff, max_idle_ns: 7645041785100000 ns
[    0.252067] futex hash table entries: 512 (order: 3, 32768 bytes)
[    0.256088] pinctrl core: initialized pinctrl subsystem
[    0.260133] RTC time:  9:50:07, date: 01/09/25
[    0.264389] NET: Registered protocol family 16
[    0.266639] audit: initializing netlink subsys (disabled)
[    0.268106] audit: type=2000 audit(1736416212.489:1): state=initialized audit_enabled=0 res=1
[    0.272005] cpuidle: using governor ladder
[    0.276006] cpuidle: using governor menu
[    0.277973] ACPI: bus type PCI registered
[    0.280002] acpiphp: ACPI Hot Plug PCI Controller Driver version: 0.5
[    0.283347] PCI: Using configuration type 1 for base access
[    0.288211] HugeTLB registered 2.00 MiB page size, pre-allocated 0 pages
[    0.292271] ACPI: Added _OSI(Module Device)
[    0.296060] ACPI: Added _OSI(Processor Device)
[    0.298229] ACPI: Added _OSI(3.0 _SCP Extensions)
[    0.300007] ACPI: Added _OSI(Processor Aggregator Device)
[    0.304003] ACPI: Added _OSI(Linux-Dell-Video)
[    0.306237] ACPI: Added _OSI(Linux-Lenovo-NV-HDMI-Audio)
[    0.308002] ACPI: Added _OSI(Linux-HPI-Hybrid-Graphics)
[    0.312112] ACPI: Executed 1 blocks of module-level executable AML code
[    0.318077] ACPI: Interpreter enabled
[    0.319889] ACPI: (supports S0 S5)
[    0.320002] ACPI: Using IOAPIC for interrupt routing
[    0.323381] PCI: Using host bridge windows from ACPI; if necessary, use "pci=nocrs" and report a bug
[    0.324166] ACPI: Enabled 2 GPEs in block 00 to 07
[    0.334485] ACPI: PCI Root Bridge [PCI0] (domain 0000 [bus 00-ff])
[    0.336006] acpi PNP0A03:00: _OSC: OS supports [ASPM ClockPM Segments MSI]
[    0.340452] acpi PNP0A03:00: _OSC: not requesting OS control; OS requires [ExtendedConfig ASPM ClockPM MSI]
[    0.344009] acpi PNP0A03:00: fail to add MMCONFIG information, can't access extended PCI configuration space under this bridge.
[    0.348429] PCI host bridge to bus 0000:00
[    0.352003] pci_bus 0000:00: root bus resource [io  0x0000-0x0cf7 window]
[    0.355195] pci_bus 0000:00: root bus resource [io  0x0d00-0xffff window]
[    0.356002] pci_bus 0000:00: root bus resource [mem 0x000a0000-0x000bffff window]
[    0.360002] pci_bus 0000:00: root bus resource [mem 0x80000000-0xfdffffff window]
[    0.364003] pci_bus 0000:00: root bus resource [bus 00-ff]
[    0.370833] pci 0000:00:01.1: legacy IDE quirk: reg 0x10: [io  0x01f0-0x01f7]
[    0.372002] pci 0000:00:01.1: legacy IDE quirk: reg 0x14: [io  0x03f6]
[    0.376002] pci 0000:00:01.1: legacy IDE quirk: reg 0x18: [io  0x0170-0x0177]
[    0.380002] pci 0000:00:01.1: legacy IDE quirk: reg 0x1c: [io  0x0376]
[    0.404159] pci 0000:00:07.0: quirk: [io  0x4000-0x403f] claimed by PIIX4 ACPI
[    0.407889] pci 0000:00:07.0: quirk: [io  0x4100-0x410f] claimed by PIIX4 SMB
[    0.413768] ACPI: PCI Interrupt Link [LNKA] (IRQs 5 9 10 *11)
[    0.416319] ACPI: PCI Interrupt Link [LNKB] (IRQs 5 9 *10 11)
[    0.420011] ACPI: PCI Interrupt Link [LNKC] (IRQs 5 *9 10 11)
[    0.422882] ACPI: PCI Interrupt Link [LNKD] (IRQs 5 9 10 *11)
[    0.424443] SCSI subsystem initialized
[    0.428113] pci 0000:00:02.0: vgaarb: setting as boot VGA device
[    0.430913] pci 0000:00:02.0: vgaarb: VGA device added: decodes=io+mem,owns=io+mem,locks=none
[    0.432012] pci 0000:00:02.0: vgaarb: bridge control possible
[    0.436002] vgaarb: loaded
[    0.437436] ACPI: bus type USB registered
[    0.440025] usbcore: registered new interface driver usbfs
[    0.442650] usbcore: registered new interface driver hub
[    0.444007] usbcore: registered new device driver usb
[    0.448084] EDAC MC: Ver: 3.0.0
[    0.450300] PCI: Using ACPI for IRQ routing
[    0.452446] NetLabel: Initializing
[    0.454173] NetLabel:  domain hash size = 128
[    0.456001] NetLabel:  protocols = UNLABELED CIPSOv4 CALIPSO
[    0.458750] NetLabel:  unlabeled traffic allowed by default
[    0.460150] clocksource: Switched to clocksource kvm-clock
[    0.474877] VFS: Disk quotas dquot_6.6.0
[    0.474877] VFS: Dquot-cache hash table entries: 512 (order 0, 4096 bytes)
[    0.474877] AppArmor: AppArmor Filesystem Enabled
[    0.474877] pnp: PnP ACPI init
[    0.474877] pnp: PnP ACPI: found 3 devices
[    0.529431] clocksource: acpi_pm: mask: 0xffffff max_cycles: 0xffffff, max_idle_ns: 2085701024 ns
[    0.532488] NET: Registered protocol family 2
[    0.532488] IP idents hash table entries: 32768 (order: 6, 262144 bytes)
[    0.541184] TCP established hash table entries: 16384 (order: 5, 131072 bytes)
[    0.545160] TCP bind hash table entries: 16384 (order: 6, 262144 bytes)
[    0.549079] TCP: Hash tables configured (established 16384 bind 16384)
[    0.552423] UDP hash table entries: 1024 (order: 3, 32768 bytes)
[    0.552733] UDP-Lite hash table entries: 1024 (order: 3, 32768 bytes)
[    0.558511] NET: Registered protocol family 1
[    0.560611] pci 0000:00:00.0: Limiting direct PCI/PCI transfers
[    0.562392] pci 0000:00:01.0: Activating ISA DMA hang workarounds
[    0.562392] pci 0000:00:02.0: Video device with shadowed ROM at [mem 0x000c0000-0x000dffff]
[    0.562392] Unpacking initramfs...
[    0.562392] Freeing initrd memory: 19528K
[    0.562392] clocksource: tsc: mask: 0xffffffffffffffff max_cycles: 0x23fa73621d8, max_idle_ns: 440795297715 ns
[    0.562392] platform rtc_cmos: registered platform RTC device (no PNP device found)
[    0.562392] Scanning for low memory corruption every 60 seconds
[    0.858476] Initialise system trusted keyrings
[    0.860686] Key type blacklist registered
[    0.862889] workingset: timestamp_bits=36 max_order=19 bucket_order=0
[    0.867168] zbud: loaded
[    0.869004] squashfs: version 4.0 (2009/01/31) Phillip Lougher
[    0.872449] fuse init (API version 7.26)
[    0.899166] Key type asymmetric registered
[    0.901751] Asymmetric key parser 'x509' registered
[    0.904134] Block layer SCSI generic (bsg) driver version 0.4 loaded (major 246)
[    0.908329] io scheduler noop registered
[    0.910230] io scheduler deadline registered
[    0.912264] io scheduler cfq registered (default)
[    0.915277] ACPI: AC Adapter [AC] (on-line)
[    0.917471] input: Power Button as /devices/LNXSYSTM:00/LNXPWRBN:00/input/input0
[    0.922278] ACPI: Power Button [PWRF]
[    0.924210] input: Sleep Button as /devices/LNXSYSTM:00/LNXSLPBN:00/input/input1
[    0.928041] ACPI: Sleep Button [SLPF]
[    0.931261] Serial: 8250/16550 driver, 32 ports, IRQ sharing enabled
[    0.958195] 00:02: ttyS0 at I/O 0x3f8 (irq = 4, base_baud = 115200) is a 16550A
[    0.976475] Linux agpgart interface v0.103
[    0.983964] loop: module loaded
[    0.987090] scsi host0: ata_piix
[    0.989433] scsi host1: ata_piix
[    0.991063] ata1: PATA max UDMA/33 cmd 0x1f0 ctl 0x3f6 bmdma 0xd000 irq 14
[    0.994352] ata2: PATA max UDMA/33 cmd 0x170 ctl 0x376 bmdma 0xd008 irq 15
[    0.998018] tun: Universal TUN/TAP device driver, 1.6
[    1.000927] PPP generic driver version 2.4.2
[    1.004260] ehci_hcd: USB 2.0 'Enhanced' Host Controller (EHCI) Driver
[    1.007327] ehci-pci: EHCI PCI platform driver
[    1.009567] ehci-platform: EHCI generic platform driver
[    1.012199] ohci_hcd: USB 1.1 'Open' Host Controller (OHCI) Driver
[    1.015260] ohci-pci: OHCI PCI platform driver
[    1.017543] ohci-platform: OHCI generic platform driver
[    1.020050] uhci_hcd: USB Universal Host Controller Interface driver
[    1.023224] i8042: PNP: PS/2 Controller [PNP0303:PS2K,PNP0f03:PS2M] at 0x60,0x64 irq 1,12
[    1.029579] serio: i8042 KBD port at 0x60,0x64 irq 1
[    1.032314] serio: i8042 AUX port at 0x60,0x64 irq 12
[    1.035588] mousedev: PS/2 mouse device common for all mice
[    1.040838] rtc_cmos rtc_cmos: rtc core: registered rtc_cmos as rtc0
[    1.044452] input: AT Translated Set 2 keyboard as /devices/platform/i8042/serio0/input/input2
[    1.048358] rtc_cmos rtc_cmos: alarms up to one day, 114 bytes nvram
[    1.052877] i2c /dev entries driver
[    1.054613] device-mapper: uevent: version 1.0.3
[    1.057246] device-mapper: ioctl: 4.37.0-ioctl (2017-09-20) initialised: dm-devel@redhat.com
[    1.061552] ledtrig-cpu: registered to indicate activity on CPUs
[    1.065571] NET: Registered protocol family 10
[    1.074431] Segment Routing with IPv6
[    1.076236] NET: Registered protocol family 17
[    1.078762] Key type dns_resolver registered
[    1.081896] mce: Using 0 MCE banks
[    1.083585] RAS: Correctable Errors collector initialized.
[    1.086430] sched_clock: Marking stable (1086340820, 0)->(1514786451, -428445631)
[    1.093611] registered taskstats version 1
[    1.095605] Loading compiled-in X.509 certificates
[    1.100781] Loaded X.509 cert 'Build time autogenerated kernel key: b5b26778eaa3ab3a4a6cee031137706e947d12ad'
[    1.105834] Loaded X.509 cert 'Canonical Ltd. Live Patch Signing: 14df34d1a87cf37625abec039ef2bf521249b969'
[    1.110817] Loaded X.509 cert 'Canonical Ltd. Kernel Module Signing: 88f752e560a1e0737e31163a466ad7b70a850c19'
[    1.116036] blacklist: Loading compiled-in revocation X.509 certificates
[    1.119168] Loaded X.509 cert 'Canonical Ltd. Secure Boot Signing: 61482aa2830d0ab2ad5af10b7250da9033ddcef0'
[    1.123908] Loaded X.509 cert 'Canonical Ltd. Secure Boot Signing (2017): 242ade75ac4a15e50d50c84b0d45ff3eae707a03'
[    1.128959] Loaded X.509 cert 'Canonical Ltd. Secure Boot Signing (ESM 2018): 365188c1d374d6b07c3c8f240f8ef722433d6a8b'
[    1.134343] Loaded X.509 cert 'Canonical Ltd. Secure Boot Signing (2019): c0746fd6c5da3ae827864651ad66ae47fe24b3e8'
[    1.139338] Loaded X.509 cert 'Canonical Ltd. Secure Boot Signing (2021 v1): a8d54bbb3825cfb94fa13c9f8a594a195c107b8d'
[    1.144404] Loaded X.509 cert 'Canonical Ltd. Secure Boot Signing (2021 v2): 4cf046892d6fd3c9a5b03f98d845f90851dc6a8c'
[    1.149799] Loaded X.509 cert 'Canonical Ltd. Secure Boot Signing (2021 v3): 100437bb6de6e469b581e61cd66bce3ef4ed53af'
[    1.154816] Loaded X.509 cert 'Canonical Ltd. Secure Boot Signing (Ubuntu Core 2019): c1d57b8f6b743f23ee41f4f7ee292f06eecadfb9'
[    1.160471] zswap: loaded using pool lzo/zbud
[    1.204518] Key type big_key registered
[    1.207031] Key type trusted registered
[    1.211112] Key type encrypted registered
[    1.213386] AppArmor: AppArmor sha1 policy hashing enabled
[    1.216105] ima: No TPM chip found, activating TPM-bypass! (rc=-19)
[    1.219142] ima: Allocated hash algorithm: sha1
[    1.222325] evm: HMAC attrs: 0x1
[    1.224396]   Magic number: 9:385:828
[    1.226560] rtc_cmos rtc_cmos: setting system clock to 2025-01-09 09:50:08 UTC (1736416208)
[    1.230923] BIOS EDD facility v0.16 2004-Jun-25, 0 devices found
[    1.233857] EDD information not available.
[    1.237831] Freeing unused kernel image memory: 2480K
[    1.256245] Write protecting the kernel read-only data: 20480k
[    1.259677] Freeing unused kernel image memory: 2008K
[    1.262515] Freeing unused kernel image memory: 1820K
[    1.269039] x86/mm: Checked W+X mappings: passed, no W+X pages found.
Loading, please wait...
starting version 237
[    1.322159] e1000: Intel(R) PRO/1000 Network Driver - version 7.3.21-k8-NAPI
[    1.326093] e1000: Copyright (c) 1999-2006 Intel Corporation.
[    1.335110] Fusion MPT base driver 3.04.20
[    1.337377] Copyright (c) 1999-2008 LSI Corporation
[    1.355968] Fusion MPT SPI Host driver 3.04.20
[    1.358868] SSE version of gcm_enc/dec engaged.
[    1.568376] input: ImExPS/2 Generic Explorer Mouse as /devices/platform/i8042/serio1/input/input4
[    1.869968] e1000 0000:00:03.0 eth0: (PCI:33MHz:32-bit) 02:3b:7b:b7:3b:2d
[    1.874297] e1000 0000:00:03.0 eth0: Intel(R) PRO/1000 Network Connection
[    1.879762] mptbase: ioc0: Initiating bringup
[    1.880494] e1000 0000:00:03.0 enp0s3: renamed from eth0
[    2.011922] ioc0: LSI53C1030 A0: Capabilities={Initiator}
[    2.530112] scsi host2: ioc0: LSI53C1030 A0, FwRev=00000000h, Ports=1, MaxQ=256, IRQ=20
[    4.193403] scsi 2:0:0:0: Direct-Access     VBOX     HARDDISK         1.0  PQ: 0 ANSI: 5
[    4.229876] scsi target2:0:0: Beginning Domain Validation
[    4.240465] scsi target2:0:0: Domain Validation skipping write tests
[    4.243740] scsi target2:0:0: Ending Domain Validation
[    4.246910] scsi target2:0:0: asynchronous
[    4.252014] scsi 2:0:1:0: Direct-Access     VBOX     HARDDISK         1.0  PQ: 0 ANSI: 5
[    4.288409] scsi target2:0:1: Beginning Domain Validation
[    4.298869] scsi target2:0:1: Domain Validation skipping write tests
[    4.302268] scsi target2:0:1: Ending Domain Validation
[    4.305432] scsi target2:0:1: asynchronous
[    4.319569] sd 2:0:0:0: Attached scsi generic sg0 type 0
[    4.323085] sd 2:0:1:0: Attached scsi generic sg1 type 0
[    4.323873] sd 2:0:1:0: [sdb] 20480 512-byte logical blocks: (10.5 MB/10.0 MiB)
[    4.326356] sd 2:0:0:0: [sda] 83886080 512-byte logical blocks: (42.9 GB/40.0 GiB)
[    4.330112] sd 2:0:1:0: [sdb] Write Protect is off
[    4.336946] sd 2:0:0:0: [sda] Write Protect is off
[    4.337370] sd 2:0:1:0: [sdb] Incomplete mode parameter data
[    4.342314] sd 2:0:1:0: [sdb] Assuming drive cache: write through
[    4.345966] sd 2:0:0:0: [sda] Incomplete mode parameter data
[    4.349626] sd 2:0:0:0: [sda] Assuming drive cache: write through
[    4.356969] sd 2:0:1:0: [sdb] Attached SCSI disk
[    4.371236]  sda: sda1
[    4.376784] sd 2:0:0:0: [sda] Attached SCSI disk
Begin: Loading essential drivers ... [    6.192114] raid6: sse2x1   gen() 17906 MB/s
[    6.240023] raid6: sse2x1   xor() 12084 MB/s
[    6.288439] raid6: sse2x2   gen() 24326 MB/s
[    6.337838] raid6: sse2x2   xor() 16988 MB/s
[    6.388479] raid6: sse2x4   gen() 26162 MB/s
[    6.436338] raid6: sse2x4   xor() 15840 MB/s
[    6.438894] raid6: using algorithm sse2x4 gen() 26162 MB/s
[    6.441574] raid6: .... xor() 15840 MB/s, rmw enabled
[    6.443947] raid6: using ssse3x2 recovery algorithm
[    6.448119] xor: measuring software checksum speed
[   10.474099]    prefetch64-sse: -1500949.-592 MB/sec
[   11.559009]    generic_sse: 2116630.704 MB/sec
[   11.562055] xor: using function: generic_sse (2116630.704 MB/sec)
[   11.567196] async_tx: api initialized (async)
done.
Begin: Running /scripts/init-premount ... done.
Begin: Mounting root file system ... Begin: Running /scripts/local-top ... done.
Begin: Running /scripts/local-premount ... [   11.610018] Btrfs loaded, crc32c=crc32c-intel
Scanning for Btrfs filesystems
done.
Warning: fsck not present, so skipping root file system
[   11.675962] EXT4-fs (sda1): mounted filesystem with ordered data mode. Opts: (null)
done.
Begin: Running /scripts/local-bottom ... done.
Begin: Running /scripts/init-bottom ... done.
[   12.322148] ip_tables: (C) 2000-2006 Netfilter Core Team
[   12.402597] systemd[1]: systemd 237 running in system mode. (+PAM +AUDIT +SELINUX +IMA +APPARMOR +SMACK +SYSVINIT +UTMP +LIBCRYPTSETUP +GCRYPT +GNUTLS +ACL +XZ +LZ4 +SECCOMP +BLKID +ELFUTILS +KMOD -IDN2 +IDN -PCRE2 default-hierarchy=hybrid)
[   12.414014] systemd[1]: Detected virtualization oracle.
[   12.416770] systemd[1]: Detected architecture x86-64.

Welcome to [1mUbuntu 18.04.6 LTS[0m!

[   12.456695] systemd[1]: Set hostname to <ubuntu>.
[   12.463519] systemd[1]: Initializing machine ID from random generator.
[   12.466677] systemd[1]: Installed transient /etc/machine-id file.
[   13.865150] systemd[1]: Reached target User and Group Name Lookups.
[[0;32m  OK  [0m] Reached target User and Group Name Lookups.
[   13.869648] systemd[1]: Reached target Mounting snaps.
[[0;32m  OK  [0m] Reached target Mounting snaps.
[   13.873329] systemd[1]: Reached target Swap.
[[0;32m  OK  [0m] Reached target Swap.
[   13.883222] systemd[1]: Created slice System Slice.
[[0;32m  OK  [0m] Created slice System Slice.
[[0;32m  OK  [0m] Listening on Journal Socket.
[[0;32m  OK  [0m] Listening on udev Kernel Socket.
         Starting Create list of required st…ce nodes for the current kernel...
         Mounting Huge Pages File System...
[[0;32m  OK  [0m] Listening on Device-mapper event daemon FIFOs.
[[0;32m  OK  [0m] Listening on Syslog Socket.
         Starting Uncomplicated firewall...
[[0;32m  OK  [0m] Listening on Journal Socket (/dev/log).
         Starting Set the console keyboard layout...
[[0;32m  OK  [0m] Listening on /dev/initctl Compatibility Named Pipe.
[[0;32m  OK  [0m] Reached target Mounted snaps.
[[0;32m  OK  [0m] Started Forward Password Requests to Wall Directory Watch.
[[0;32m  OK  [0m] Created slice system-serial\x2dgetty.slice.
[[0;32m  OK  [0m] Reached target System Time Synchronized.
         Mounting POSIX Message Queue File System...
[[0;32m  OK  [0m] Listening on udev Control Socket.
         Starting udev Coldplug all Devices...
[[0;32m  OK  [0m] Listening on Network Service Netlink Socket.
         Mounting Kernel Debug File System...
[[0;32m  OK  [0m] Listening on LVM2 metadata daemon socket.
         Starting Monitoring of LVM2 mirrors…ng dmeventd or progress polling...
[[0;32m  OK  [0m] Listening on Journal Audit Socket.
         Starting Journal Service...
[[0;32m  OK  [0m] Created slice User and Session Slice.
[[0;32m  OK  [0m] Reached target Slices.
[[0;32m  OK  [0m] Listening on fsck to fsckd communication Socket.
         Starting File System Check on Root Device...
         Starting Load Kernel Modules...
[[0;32m  OK  [0m] Set up automount Arbitrary Executab…rmats File System Automount Point.
[[0;32m  OK  [0m] Listening on LVM2 poll daemon socket.
[[0;32m  OK  [0m] Started Create list of required sta…vice nodes for the current kernel.
[[0;32m  OK  [0m] Mounted Huge Pages File System.
[[0;32m  OK  [0m] Mounted POSIX Message Queue File System.
[[0;32m  OK  [0m] Mounted Kernel Debug File System.
[[0;32m  OK  [0m] Started File System Check Daemon to report status.
         Starting Create Static Device Nodes in /dev...
[[0;32m  OK  [0m] Started udev Coldplug all Devices.
[[0;32m  OK  [0m] Started Journal Service.
[[0;32m  OK  [0m] Started Uncomplicated firewall.
[[0;32m  OK  [0m] Started File System Check on Root Device.
         Starting Remount Root and Kernel File Systems...
[   14.407222] EXT4-fs (sda1): re-mounted. Opts: (null)
[[0;32m  OK  [0m] Started Remount Root and Kernel File Systems.
[   14.427504] Loading iSCSI transport class v2.0-870.
[   14.442049] iscsi: registered transport (tcp)
         Starting Load/Save Random Seed...
         Starting Flush Journal to Persistent Storage...
[[0;32m  OK  [0m] Started Create Static Device Nodes in /dev.
         Starting udev Kernel Device Manager...
[[0;32m  OK  [0m] Started LVM2 metadata daemon.
[   14.590379] iscsi: registered transport (iser)
[[0;32m  OK  [0m] Started Load Kernel Modules.
         Starting Apply Kernel Variables...
         Mounting Kernel Configuration File System...
         Mounting FUSE Control File System...
[[0;32m  OK  [0m] Mounted FUSE Control File System.
[[0;32m  OK  [0m] Mounted Kernel Configuration File System.
[   14.608374] systemd-journald[419]: Received request to flush runtime journal from PID 1
[[0;32m  OK  [0m] Started Load/Save Random Seed.
[[0;32m  OK  [0m] Started udev Kernel Device Manager.
[[0;32m  OK  [0m] Started Apply Kernel Variables.
[[0;32m  OK  [0m] Started Monitoring of LVM2 mirrors,…sing dmeventd or progress polling.
[[0;32m  OK  [0m] Started Flush Journal to Persistent Storage.
[[0;32m  OK  [0m] Found device /dev/ttyS0.
[[0;32m  OK  [0m] Listening on Load/Save RF Kill Switch Status /dev/rfkill Watch.
[[0;32m  OK  [0m] Started Set the console keyboard layout.
[[0;32m  OK  [0m] Started Dispatch Password Requests to Console Directory Watch.
[[0;32m  OK  [0m] Reached target Local Encrypted Volumes.
[[0;32m  OK  [0m] Reached target Local File Systems (Pre).
[[0;32m  OK  [0m] Reached target Local File Systems.
         Starting AppArmor initialization...
         Starting Set console font and keymap...
         Starting Commit a transient machine-id on disk...
         Starting ebtables ruleset management...
         Starting Create Volatile Files and Directories...
         Starting Tell Plymouth To Write Out Runtime Data...
[[0;32m  OK  [0m] Started Create Volatile Files and Directories.
         Starting Update UTMP about System Boot/Shutdown...
[[0;32m  OK  [0m] Started Tell Plymouth To Write Out Runtime Data.
[[0;32m  OK  [0m] Started Update UTMP about System Boot/Shutdown.
[[0;32m  OK  [0m] Started Commit a transient machine-id on disk.
         Mounting Arbitrary Executable File Formats File System...
[[0;32m  OK  [0m] Started ebtables ruleset management.
[[0;32m  OK  [0m] Mounted Arbitrary Executable File Formats File System.
[[0;32m  OK  [0m] Started AppArmor initialization.
         Starting Load AppArmor profiles managed internally by snapd...
         Starting Initial cloud-init job (pre-networking)...
[[0;32m  OK  [0m] Started Set console font and keymap.
[[0;32m  OK  [0m] Started Load AppArmor profiles managed internally by snapd.
[   20.652701] cloud-init[801]: Cloud-init v. 23.1.2-0ubuntu0~18.04.1 running 'init-local' at Thu, 09 Jan 2025 09:50:27 +0000. Up 19.96 seconds.
[[0;32m  OK  [0m] Started Initial cloud-init job (pre-networking).
[[0;32m  OK  [0m] Reached target Network (Pre).
         Starting Network Service...
[[0;32m  OK  [0m] Started Network Service.
         Starting Network Name Resolution...
         Starting Wait for Network to be Configured...
[[0;32m  OK  [0m] Started Network Name Resolution.
[[0;32m  OK  [0m] Reached target Host and Network Name Lookups.
[[0;32m  OK  [0m] Reached target Network.
[[0;32m  OK  [0m] Started Wait for Network to be Configured.
         Starting Initial cloud-init job (metadata service crawler)...
[   23.207308] cloud-init[943]: Cloud-init v. 23.1.2-0ubuntu0~18.04.1 running 'init' at Thu, 09 Jan 2025 09:50:30 +0000. Up 23.11 seconds.
[   23.210126] cloud-init[943]: ci-info: ++++++++++++++++++++++++++++++++++++++Net device info++++++++++++++++++++++++++++++++++++++
[   23.212728] cloud-init[943]: ci-info: +--------+------+----------------------------+---------------+--------+-------------------+
[   23.215116] cloud-init[943]: ci-info: | Device |  Up  |          Address           |      Mask     | Scope  |     Hw-Address    |
[   23.218196] cloud-init[943]: ci-info: +--------+------+----------------------------+---------------+--------+-------------------+
[   23.220790] cloud-init[943]: ci-info: | enp0s3 | True |         10.0.2.15          | 255.255.255.0 | global | 02:3b:7b:b7:3b:2d |
[   23.223261] cloud-init[943]: ci-info: | enp0s3 | True | fe80::3b:7bff:feb7:3b2d/64 |       .       |  link  | 02:3b:7b:b7:3b:2d |
[   23.225765] cloud-init[943]: ci-info: |   lo   | True |         127.0.0.1          |   255.0.0.0   |  host  |         .         |
[   23.228289] cloud-init[943]: ci-info: |   lo   | True |          ::1/128           |       .       |  host  |         .         |
[   23.230732] cloud-init[943]: ci-info: +--------+------+----------------------------+---------------+--------+-------------------+
[   23.233144] cloud-init[943]: ci-info: ++++++++++++++++++++++++++++Route IPv4 info+++++++++++++++++++++++++++++
[   23.235152] cloud-init[943]: ci-info: +-------+-------------+----------+-----------------+-----------+-------+
[   23.237851] cloud-init[943]: ci-info: | Route | Destination | Gateway  |     Genmask     | Interface | Flags |
[   23.239805] cloud-init[943]: ci-info: +-------+-------------+----------+-----------------+-----------+-------+
[   23.241770] cloud-init[943]: ci-info: |   0   |   0.0.0.0   | 10.0.2.2 |     0.0.0.0     |   enp0s3  |   UG  |
[   23.243843] cloud-init[943]: ci-info: |   1   |   10.0.2.0  | 0.0.0.0  |  255.255.255.0  |   enp0s3  |   U   |
[   23.245867] cloud-init[943]: ci-info: |   2   |   10.0.2.2  | 0.0.0.0  | 255.255.255.255 |   enp0s3  |   UH  |
[   23.247898] cloud-init[943]: ci-info: +-------+-------------+----------+-----------------+-----------+-------+
[   23.249873] cloud-init[943]: ci-info: +++++++++++++++++++Route IPv6 info+++++++++++++++++++
[   23.251526] cloud-init[943]: ci-info: +-------+-------------+---------+-----------+-------+
[   23.253259] cloud-init[943]: ci-info: | Route | Destination | Gateway | Interface | Flags |
[   23.254838] cloud-init[943]: ci-info: +-------+-------------+---------+-----------+-------+
[   23.257287] cloud-init[943]: ci-info: |   1   |  fe80::/64  |    ::   |   enp0s3  |   U   |
[   23.258944] cloud-init[943]: ci-info: |   3   |    local    |    ::   |   enp0s3  |   U   |
[   23.260720] cloud-init[943]: ci-info: |   4   |   ff00::/8  |    ::   |   enp0s3  |   U   |
[   23.262433] cloud-init[943]: ci-info: +-------+-------------+---------+-----------+-------+
[   25.050107] cloud-init[943]: Generating public/private rsa key pair.
[   25.051596] cloud-init[943]: Your identification has been saved in /etc/ssh/ssh_host_rsa_key.
[   25.054141] cloud-init[943]: Your public key has been saved in /etc/ssh/ssh_host_rsa_key.pub.
[   25.055910] cloud-init[943]: The key fingerprint is:
[   25.057154] cloud-init[943]: SHA256:UD9f6U59J17xhljsBBp1tna1wKl/w5wuSjh/8Obm6s0 root@ubuntu-bionic
[   25.058956] cloud-init[943]: The key's randomart image is:
[   25.060197] cloud-init[943]: +---[RSA 2048]----+
[   25.061270] cloud-init[943]: |        . ..+.+ .|
[   25.074051] cloud-init[943]: |       . . o B.oo|
[   25.075149] cloud-init[943]: |      .   + . Oo.|
[   25.076287] cloud-init[943]: |       .   + O +o|
[   25.077295] cloud-init[943]: |        S   + O O|
[   25.078291] cloud-init[943]: |          .. = Xo|
[   25.079536] cloud-init[943]: |         o .o = .|
[   25.080735] cloud-init[943]: |          + o* . |
[   25.081770] cloud-init[943]: |          .=OE.  |
[   25.082787] cloud-init[943]: +----[SHA256]-----+
[   25.083821] cloud-init[943]: Generating public/private dsa key pair.
[   25.085327] cloud-init[943]: Your identification has been saved in /etc/ssh/ssh_host_dsa_key.
[   25.087194] cloud-init[943]: Your public key has been saved in /etc/ssh/ssh_host_dsa_key.pub.
[   25.089040] cloud-init[943]: The key fingerprint is:
[   25.090138] cloud-init[943]: SHA256:Ea8y7D/kro6MsFjc/SUjQflmorlN3mKwFBq31BnDxdk root@ubuntu-bionic
[   25.093575] [[0;32m  OK  [0m] Started Initial cloud-init job (metadata service crawler).
[[0;32m  OK  [0m] Reached target Cloud-config availability.
[[0;32m  OK  [0m] Reached target System Initialization.
[[0;32m  OK  [0m] Started Daily Cleanup of Temporary Directories.
[[0;32m  OK  [0m] Listening on ACPID Listen Socket.
[[0;32m  OK  [0m] Started Discard unused blocks once a week.
         Starting Socket activation for snappy daemon.
[[0;32m  OK  [0m] Listening on cloud-init hotplug hook socket.
cloud-init[943]: The key's randomart image is:
[   25.103425] cloud-init[943]: +---[DSA 1024]----+
[   25.104620] cloud-init[943]: |     . ooo       |
[   25.105656] cloud-init[943]: |      +.ooE      |
[   25.106669] cloud-init[943]: |     .o+. .      |
[   25.107670] cloud-init[943]: |  . +oo. o       |
         Starting LXD - unix socket.
[   25.111440] cloud-init[943]: |   = o* S        |
[   25.114479] cloud-init[943]: | ...+= B.        |
[   25.115503] cloud-init[943]: |. o.+o=oo .      |
[[0;32m  OK  [0m] Started ACPI Events Check.
[[0;32m  OK  [0m] Reached target Paths.
[[0;32m  OK  [0m] Started Daily apt download activities.
[[0;32m  OK  [0m] Listening on D-Bus System Message Bus Socket.
[[0;32m  OK  [0m] Started Daily apt upgrade and clean activities.
[[0;32m  OK  [0m] Listening on Open-iSCSI iscsid Socket.
[[0;32m  OK  [0m] Listening on UUID daemon activation socket.
[[0;32m  OK  [0m] Started Message of the Day.
[[0;32m  OK  [0m] Started Ubuntu Advantage Timer for running repeated jobs.
[[0;32m  OK  [0m] Reached target Timers.
[[0;32m  OK  [0m] Reached target Network is Online.
         Starting Availability of block devices...
[[0;32m  OK  [0m] Reached target Remote File Systems (Pre).
[[0;32m  OK  [0m] Reached target Remote File Systems.
[[0;32m  OK  [0m] Listening on Socket activation for snappy daemon.
[[0;32m  OK  [0m] Listening on LXD - unix socket.
[[0;32m  OK  [0m] Reached target Sockets.
[[0;32m  OK  [0m] Reached target Basic System.
         Starting System Logging Service...
         Starting LSB: automatic crash report generation...
[   25.124052] cloud-init[943]: |.+ o.*o=o+       |
         Starting Dispatcher daemon for systemd-networkd...
[   25.147389] cloud-init[943]: |o . +o=+=.       |
[   25.147575] cloud-init[943]: +----[SHA256]-----+
[   25.147801] cloud-init[943]: Generating public/private ecdsa key pair.
[   25.148328] cloud-init[943]: Your identification has been saved in /etc/ssh/ssh_host_ecdsa_key.
[   25.148555] cloud-init[943]: Your public key has been saved in /etc/ssh/ssh_host_ecdsa_key.pub.
[   25.148781] cloud-init[943]: The key fingerprint is:
[   25.149012] cloud-init[943]: SHA256:NaJswZ0N1Jwu53FTb51iBEjX52HwWZIhavi/Yo3nCBU root@ubuntu-bionic
[   25.149259] cloud-init[943]: The key's randomart image is:
[   25.149491] cloud-init[943]: +---[ECDSA 256]---+
[   25.149726] cloud-init[943]: |       .++.++.+o.|
[   25.149954] cloud-init[943]: |     . . *=. ++=o|
[   25.150187] cloud-init[943]: |      o =.E ..+++|
[   25.150419] cloud-init[943]: |     . o.=+ooo o+|
[   25.150651] cloud-init[943]: |      + S+oo.... |
[   25.150882] cloud-init[943]: |     .   ...     |
[   25.151113] cloud-init[943]: |        .  o.    |
[   25.151347] cloud-init[943]: |         .+.o.   |
[[0;32m  OK  [0m] Started D-Bus System Message Bus.
[   25.151578] cloud-init[943]: |         ..+o    |
[   25.167244] cloud-init[943]: +----[SHA256]-----+
[   25.168321] cloud-init[943]: Generating public/private ed25519 key pair.
[   25.169786] cloud-init[943]: Your identification has been saved in /etc/ssh/ssh_host_ed25519_key.
[   25.171660] cloud-init[943]: Your public key has been saved in /etc/ssh/ssh_host_ed25519_key.pub.
[   25.174363] cloud-init[943]: The key fingerprint is:
[   25.175435] cloud-init[943]: SHA256:ClxVryoRo5qRsXXZo1j1L38ehrVC2TFMxZ/Rp6MWBv8 root@ubuntu-bionic
[   25.177284] cloud-init[943]: The key's randomart image is:
[   25.178452] cloud-init[943]: +--[ED25519 256]--+
[   25.179447] cloud-init[943]: |        o..   .oo|
[   25.180484] cloud-init[943]: |       = ... o .+|
[   25.181528] cloud-init[943]: |  . . B o .o. +.=|
[   25.193845] cloud-init[943]: |   * * + . o+oo+.|
[   25.194929] cloud-init[943]: |  + = o S o.++o. |
[   25.196345] cloud-init[943]: |   + . o . +ooE. |
[   25.197509] cloud-init[943]: |  o   o .  .+ =  |
[   25.198512] cloud-init[943]: |       .     = . |
[   25.199539] cloud-init[943]: |              .  |
[   25.200627] cloud-init[943]: +----[SHA256]-----+
[[0;32m  OK  [0m] Started Deferred execution scheduler.
[[0;32m  OK  [0m] Started Regular background program processing daemon.
         Starting LXD - container startup/shutdown...
[[0;32m  OK  [0m] Reached target Login Prompts (Pre).
         Starting Login Service...
         Starting Virtualbox guest utils...
[[0;32m  OK  [0m] Started FUSE filesystem for LXC.
         Starting Pollinate to seed the pseudo random number generator...
[[0;32m  OK  [0m] Started irqbalance daemon.
         Starting Accounts Service...
         Starting LSB: Record successful boot for GRUB...
         Starting Permit User Sessions...
         Starting Snap Daemon...
[[0;32m  OK  [0m] Started System Logging Service.
[[0;32m  OK  [0m] Started Availability of block devices.
[[0;32m  OK  [0m] Started Login Service.
[[0;32m  OK  [0m] Started Unattended Upgrades Shutdown.
[[0;32m  OK  [0m] Started Permit User Sessions.
         Starting Hold until boot process finishes up...
         Starting Terminate Plymouth Boot Screen...
[[0;32m  OK  [0m] Started Hold until boot process finishes up.
         Starting Set console scheme...
[[0;32m  OK  [0m] Started Serial Getty on ttyS0.
[[0;32m  OK  [0m] Started Terminate Plymouth Boot Screen.
[[0;32m  OK  [0m] Started LSB: automatic crash report generation.
[[0;32m  OK  [0m] Started Set console scheme.
[[0;32m  OK  [0m] Created slice system-getty.slice.
[[0;32m  OK  [0m] Started Getty on tty1.
[[0;32m  OK  [0m] Reached target Login Prompts.
[[0;32m  OK  [0m] Started LSB: Record successful boot for GRUB.
         Starting Authorization Manager...
[[0;32m  OK  [0m] Started Virtualbox guest utils.
[[0;32m  OK  [0m] Started Authorization Manager.
[[0;32m  OK  [0m] Started Accounts Service.
[[0;32m  OK  [0m] Started LXD - container startup/shutdown.
[[0;32m  OK  [0m] Started Dispatcher daemon for systemd-networkd.
[[0;32m  OK  [0m] Started Snap Daemon.
         Starting Wait until snapd is fully seeded...
         Starting Time & Date Service...
[[0;32m  OK  [0m] Started Time & Date Service.
[[0;32m  OK  [0m] Started Pollinate to seed the pseudo random number generator.
         Starting OpenBSD Secure Shell server...
[[0;32m  OK  [0m] Started OpenBSD Secure Shell server.
[[0;32m  OK  [0m] Created slice User Slice of vagrant.
         Starting User Manager for UID 1000...
[[0;32m  OK  [0m] Started Session 1 of user vagrant.
[[0;32m  OK  [0m] Started User Manager for UID 1000.

Ubuntu 18.04.6 LTS ubuntu-bionic ttyS0

ubuntu-bionic login: [   34.173629] cloud-init[1671]: Cloud-init v. 23.1.2-0ubuntu0~18.04.1 running 'modules:config' at Thu, 09 Jan 2025 09:50:39 +0000. Up 31.77 seconds.
ci-info: no authorized SSH keys fingerprints found for user ubuntu.
<14>Jan  9 09:50:42 cloud-init: #############################################################
<14>Jan  9 09:50:42 cloud-init: -----BEGIN SSH HOST KEY FINGERPRINTS-----
<14>Jan  9 09:50:42 cloud-init: 1024 SHA256:Ea8y7D/kro6MsFjc/SUjQflmorlN3mKwFBq31BnDxdk root@ubuntu-bionic (DSA)
<14>Jan  9 09:50:42 cloud-init: 256 SHA256:NaJswZ0N1Jwu53FTb51iBEjX52HwWZIhavi/Yo3nCBU root@ubuntu-bionic (ECDSA)
<14>Jan  9 09:50:42 cloud-init: 256 SHA256:ClxVryoRo5qRsXXZo1j1L38ehrVC2TFMxZ/Rp6MWBv8 root@ubuntu-bionic (ED25519)
<14>Jan  9 09:50:42 cloud-init: 2048 SHA256:UD9f6U59J17xhljsBBp1tna1wKl/w5wuSjh/8Obm6s0 root@ubuntu-bionic (RSA)
<14>Jan  9 09:50:42 cloud-init: -----END SSH HOST KEY FINGERPRINTS-----
<14>Jan  9 09:50:42 cloud-init: #############################################################
-----BEGIN SSH HOST KEY KEYS-----
ecdsa-sha2-nistp256 AAAAE2VjZHNhLXNoYTItbmlzdHAyNTYAAAAIbmlzdHAyNTYAAABBBMMeykNY7Ov2zdWCmpMMOeT3zq+TvNfI3SOuaR4TtT4qf0iyPtWl/aoJxGwrUvSNMs9ddl4kp8JVShXSmHXA9mo= root@ubuntu-bionic
ssh-ed25519 AAAAC3NzaC1lZDI1NTE5AAAAIKtU92Vt1Ryet9DK8pQWW5Kda7XZHWQkKibrZuT9JJAC root@ubuntu-bionic
ssh-rsa AAAAB3NzaC1yc2EAAAADAQABAAABAQDa5IKY1hU06NNgngQi2gRvU55VcJkfs4H/veRMlCNr1D+tr8Hmxvyv3OmrYtUBEkfZiokCRWWDR+ac6/YUOdu/ev2LnJw3AYSdXbIsLMOui/xxNkuuvpNRTNI0+4fY+MvDRjm9T8WkC1phwRz9M4RcbwXF/2FG39RbWr0SVyxDa8Om4mIts6lOO+pM7k+rGx+YAXetCGZC+rd59qKEnjBWzzu2d5etoZRRFZnkSN5dkE9bmqakQ4F2RCdm4aviLqkoTCxaFmsmBwEzZAF32qew66GAhoHXwTvuBwyX+G5g5ETZ7Ibd2WnznTBXkDfvzeMJfNVdRAA6jqhLLTD3vt3b root@ubuntu-bionic
-----END SSH HOST KEY KEYS-----
[   34.958007] cloud-init[1788]: Cloud-init v. 23.1.2-0ubuntu0~18.04.1 running 'modules:final' at Thu, 09 Jan 2025 09:50:41 +0000. Up 34.49 seconds.
[   34.962121] cloud-init[1788]: Cloud-init v. 23.1.2-0ubuntu0~18.04.1 finished at Thu, 09 Jan 2025 09:50:42 +0000. Datasource DataSourceNoCloud [seed=/dev/sdb][dsmode=net].  Up 34.94 seconds
         Stopping PackageKit Daemon...
         Stopping Session 5 of user vagrant.
         Stopping Authorization Manager...
[[0;32m  OK  [0m] Stopped target Host and Network Name Lookups.
         Stopping User Manager for UID 1000...
[[0;32m  OK  [0m] Closed Load/Save RF Kill Switch Status /dev/rfkill Watch.
         Stopping Availability of block devices...
[[0;32m  OK  [0m] Stopped target Graphical Interface.
         Stopping Accounts Service...
         Stopping Disk Manager...
[[0;32m  OK  [0m] Stopped target Timers.
[[0;32m  OK  [0m] Stopped Discard unused blocks once a week.
[[0;32m  OK  [0m] Stopped Daily Cleanup of Temporary Directories.
[[0;32m  OK  [0m] Stopped Ubuntu Advantage Timer for running repeated jobs.
[[0;32m  OK  [0m] Stopped Message of the Day.
[[0;32m  OK  [0m] Stopped target Cloud-init target.
[[0;32m  OK  [0m] Stopped Execute cloud user/final scripts.
[[0;32m  OK  [0m] Stopped target Multi-User System.
         Stopping Modem Manager...
         Stopping FUSE filesystem for LXC...
         Stopping OpenBSD Secure Shell server...
         Stopping LSB: Record successful boot for GRUB...
         Stopping LSB: automatic crash report generation...
         Stopping LSB: disk temperature monitoring daemon...
         Stopping LXD - container startup/shutdown...
         Stopping Deferred execution scheduler...
         Stopping irqbalance daemon...
         Stopping Regular background program processing daemon...
         Stopping Unattended Upgrades Shutdown...
         Stopping Virtualbox guest utils...
         Stopping Dispatcher daemon for systemd-networkd...
[[0;32m  OK  [0m] Stopped Apply the settings specified in cloud-config.
[[0;32m  OK  [0m] Stopped target Cloud-config availability.
[[0;32m  OK  [0m] Stopped Wait until snapd is fully seeded.
         Stopping System Logging Service...
[[0;32m  OK  [0m] Stopped target Login Prompts.
         Stopping Serial Getty on ttyS0...
         Stopping Getty on tty1...
         Stopping Session 3 of user vagrant.
[[0;32m  OK  [0m] Stopped Daily apt upgrade and clean activities.
[[0;32m  OK  [0m] Stopped Daily apt download activities.
[[0;32m  OK  [0m] Stopped target System Time Synchronized.
         Stopping Avahi mDNS/DNS-SD Stack...
[[0;32m  OK  [0m] Unmounted /var/lib/lxcfs.
[[0;32m  OK  [0m] Stopped System Logging Service.
[[0;32m  OK  [0m] Stopped Dispatcher daemon for systemd-networkd.
[[0;32m  OK  [0m] Stopped Deferred execution scheduler.
[[0;32m  OK  [0m] Stopped Regular background program processing daemon.
[[0;32m  OK  [0m] Stopped irqbalance daemon.
[[0;32m  OK  [0m] Stopped Accounts Service.
[[0;32m  OK  [0m] Stopped Serial Getty on ttyS0.
[[0;32m  OK  [0m] Stopped Getty on tty1.
[[0;32m  OK  [0m] Stopped Authorization Manager.
[[0;32m  OK  [0m] Stopped OpenBSD Secure Shell server.
[[0;32m  OK  [0m] Stopped User Manager for UID 1000.
[[0;32m  OK  [0m] Stopped Disk Manager.
[[0;32m  OK  [0m] Stopped PackageKit Daemon.
[[0;32m  OK  [0m] Stopped Modem Manager.
[[0;32m  OK  [0m] Stopped Session 5 of user vagrant.
[[0;32m  OK  [0m] Stopped LXD - container startup/shutdown.
[[0;32m  OK  [0m] Stopped FUSE filesystem for LXC.
[[0;32m  OK  [0m] Removed slice system-getty.slice.
[[0;32m  OK  [0m] Removed slice system-serial\x2dgetty.slice.
[[0;32m  OK  [0m] Stopped target Login Prompts (Pre).
[[0;32m  OK  [0m] Stopped Avahi mDNS/DNS-SD Stack.
[[0;32m  OK  [0m] Stopped Unattended Upgrades Shutdown.
[[0;32m  OK  [0m] Stopped Availability of block devices.
[[0;32m  OK  [0m] Stopped LSB: disk temperature monitoring daemon.
[[0;32m  OK  [0m] Stopped LSB: Record successful boot for GRUB.
[[0;32m  OK  [0m] Stopped LSB: automatic crash report generation.
[[0;32m  OK  [0m] Stopped Virtualbox guest utils.
[[0;32m  OK  [0m] Stopped Session 3 of user vagrant.
[[0;32m  OK  [0m] Removed slice User Slice of vagrant.
         Stopping Login Service...
         Stopping Permit User Sessions...
[[0;32m  OK  [0m] Stopped Permit User Sessions.
[[0;32m  OK  [0m] Stopped target Remote File Systems.
         Unmounting /vagrant...
[[0;32m  OK  [0m] Unmounted /vagrant.
[[0;32m  OK  [0m] Stopped target Network is Online.
[[0;32m  OK  [0m] Stopped target Network.
         Stopping Network Name Resolution...
         Stopping WPA supplicant...
[[0;32m  OK  [0m] Stopped target Remote File Systems (Pre).
[[0;32m  OK  [0m] Stopped WPA supplicant.
         Stopping D-Bus System Message Bus...
[[0;32m  OK  [0m] Stopped Network Name Resolution.
[[0;32m  OK  [0m] Stopped Login Service.
[[0;32m  OK  [0m] Stopped target User and Group Name Lookups.
[[0;32m  OK  [0m] Stopped D-Bus System Message Bus.
[[0;32m  OK  [0m] Stopped target Basic System.
[[0;32m  OK  [0m] Stopped target Sockets.
[[0;32m  OK  [0m] Closed Socket activation for snappy daemon.
[[0;32m  OK  [0m] Closed Syslog Socket.
[[0;32m  OK  [0m] Closed LXD - unix socket.
[[0;32m  OK  [0m] Closed ACPID Listen Socket.
[[0;32m  OK  [0m] Closed UUID daemon activation socket.
[[0;32m  OK  [0m] Closed Open-iSCSI iscsid Socket.
[[0;32m  OK  [0m] Closed cloud-init hotplug hook socket.
[[0;32m  OK  [0m] Closed Avahi mDNS/DNS-SD Stack Activation Socket.
[[0;32m  OK  [0m] Stopped target Paths.
[[0;32m  OK  [0m] Stopped ACPI Events Check.
[[0;32m  OK  [0m] Stopped target Slices.
[[0;32m  OK  [0m] Removed slice User and Session Slice.
[[0;32m  OK  [0m] Closed D-Bus System Message Bus Socket.
[[0;32m  OK  [0m] Stopped target System Initialization.
[[0;32m  OK  [0m] Stopped Commit a transient machine-id on disk.
[[0;32m  OK  [0m] Stopped Initial cloud-init job (metadata service crawler).
[[0;32m  OK  [0m] Stopped Wait for Network to be Configured.
         Stopping Network Service...
[[0;32m  OK  [0m] Stopped target Local Encrypted Volumes.
[[0;32m  OK  [0m] Stopped Dispatch Password Requests to Console Directory Watch.
[[0;32m  OK  [0m] Stopped Forward Password Requests to Wall Directory Watch.
         Stopping Update UTMP about System Boot/Shutdown...
         Stopping Load/Save Random Seed...
[[0;32m  OK  [0m] Stopped Network Service.
[[0;32m  OK  [0m] Stopped Apply Kernel Variables.
[[0;32m  OK  [0m] Stopped Load Kernel Modules.
[[0;32m  OK  [0m] Stopped target Network (Pre).
[[0;32m  OK  [0m] Stopped Initial cloud-init job (pre-networking).
[[0;32m  OK  [0m] Stopped Update UTMP about System Boot/Shutdown.
[[0;32m  OK  [0m] Stopped Create Volatile Files and Directories.
[[0;32m  OK  [0m] Stopped target Local File Systems.
         Unmounting /run/user/1000...
[[0;32m  OK  [0m] Stopped target Mounted snaps.
[[0;32m  OK  [0m] Stopped target Mounting snaps.
[[0;32m  OK  [0m] Stopped Load/Save Random Seed.
[[0;32m  OK  [0m] Unmounted /run/user/1000.
[[0;32m  OK  [0m] Reached target Unmount All Filesystems.
[[0;32m  OK  [0m] Stopped target Local File Systems (Pre).
         Stopping Monitoring of LVM2 mirrors…ng dmeventd or progress polling...
[[0;32m  OK  [0m] Stopped Create Static Device Nodes in /dev.
[[0;32m  OK  [0m] Stopped target Swap.
[[0;32m  OK  [0m] Stopped Remount Root and Kernel File Systems.
[[0;32m  OK  [0m] Reached target Shutdown.
[[0;32m  OK  [0m] Reached target Final Step.
         Starting Power-Off...
[[0;32m  OK  [0m] Stopped Monitoring of LVM2 mirrors,…sing dmeventd or progress polling.
         Stopping LVM2 metadata daemon...
[[0;32m  OK  [0m] Stopped LVM2 metadata daemon.
[  360.858178] reboot: Power down
